<?xml version="1.0" encoding="UTF-8"?>
<!-- Generated by org.testng.reporters.JUnitReportReporter -->
<testsuite hostname="WX-5CG1285KPX" failures="0" tests="1" name="Selenium_excel.SeleniumGrid.Demo" time="15.413" errors="0" timestamp="2022-07-16T18:15:45 IST" skipped="0">
  <testcase classname="Selenium_excel.SeleniumGrid.Demo" name="test" time="15.413"/>
  <system-out/>
</testsuite> <!-- Selenium_excel.SeleniumGrid.Demo -->
