<?xml version="1.0" encoding="UTF-8"?>
<!-- Generated by org.testng.reporters.JUnitReportReporter -->
<testsuite hostname="WX-5CG1285KPX" failures="0" tests="1" name="Selenium_excel.SeleniumGrid.Demo" time="49.423" errors="0" timestamp="2022-07-15T14:07:44 IST" skipped="0">
  <testcase classname="Selenium_excel.SeleniumGrid.Demo" name="test" time="49.423"/>
  <system-out/>
</testsuite> <!-- Selenium_excel.SeleniumGrid.Demo -->
